# JRE version: OpenJDK Runtime Environment Temurin-17.0.4.1+1 (17.0.4.1+1) (build 17.0.4.1+1)
# Java VM: OpenJDK 64-Bit Server VM Temurin-17.0.4.1+1 (17.0.4.1+1, mixed mode, sharing, tiered, compressed oops, compressed class ptrs, g1 gc, bsd-amd64)
GC Precious Log:
 CPUs: 12 total, 12 available
 Memory: 32768M
 Large Page Support: Disabled
 NUMA Support: Disabled
 Compressed Oops: Enabled (Zero based)
 Heap Region Size: 4M
 Heap Min Capacity: 8M
 Heap Initial Capacity: 512M
 Heap Max Capacity: 8G
 Pre-touch: Disabled
 Parallel Workers: 10
 Concurrent Workers: 3
 Concurrent Refinement Workers: 10
 Periodic GC: Disabled
Heap:
 garbage-first heap   total 532480K, used 323256K [0x0000000600000000, 0x0000000800000000)
  region size 4096K, 75 young (307200K), 5 survivors (20480K)
 Metaspace       used 9762K, committed 9984K, reserved 1064960K
  class space    used 1004K, committed 1088K, reserved 1048576K
GC Heap History (20 events):
Event: 9.671 GC heap after
{Heap after GC invocations=8 (full 0):
 garbage-first heap   total 532480K, used 29457K [0x0000000600000000, 0x0000000800000000)
  region size 4096K, 4 young (16384K), 4 survivors (16384K)
 Metaspace       used 9526K, committed 9728K, reserved 1064960K
  class space    used 1004K, committed 1088K, reserved 1048576K
}
Event: 10.836 GC heap before
{Heap before GC invocations=8 (full 0):
 garbage-first heap   total 532480K, used 320273K [0x0000000600000000, 0x0000000800000000)
  region size 4096K, 76 young (311296K), 4 survivors (16384K)
 Metaspace       used 9569K, committed 9792K, reserved 1064960K
  class space    used 1004K, committed 1088K, reserved 1048576K
}
Event: 10.838 GC heap after
{Heap after GC invocations=9 (full 0):
 garbage-first heap   total 532480K, used 30116K [0x0000000600000000, 0x0000000800000000)
  region size 4096K, 4 young (16384K), 4 survivors (16384K)
 Metaspace       used 9569K, committed 9792K, reserved 1064960K
  class space    used 1004K, committed 1088K, reserved 1048576K
}
Event: 12.000 GC heap before
{Heap before GC invocations=9 (full 0):
 garbage-first heap   total 532480K, used 320932K [0x0000000600000000, 0x0000000800000000)
  region size 4096K, 76 young (311296K), 4 survivors (16384K)
 Metaspace       used 9582K, committed 9792K, reserved 1064960K
  class space    used 1004K, committed 1088K, reserved 1048576K
}
Event: 12.003 GC heap after
{Heap after GC invocations=10 (full 0):
 garbage-first heap   total 532480K, used 31357K [0x0000000600000000, 0x0000000800000000)
  region size 4096K, 4 young (16384K), 4 survivors (16384K)
 Metaspace       used 9582K, committed 9792K, reserved 1064960K
  class space    used 1004K, committed 1088K, reserved 1048576K
}
Event: 13.164 GC heap before
{Heap before GC invocations=10 (full 0):
 garbage-first heap   total 532480K, used 322173K [0x0000000600000000, 0x0000000800000000)
  region size 4096K, 76 young (311296K), 4 survivors (16384K)
 Metaspace       used 9621K, committed 9856K, reserved 1064960K
  class space    used 1004K, committed 1088K, reserved 1048576K
}
Event: 13.167 GC heap after
{Heap after GC invocations=11 (full 0):
 garbage-first heap   total 532480K, used 30876K [0x0000000600000000, 0x0000000800000000)
  region size 4096K, 4 young (16384K), 4 survivors (16384K)
 Metaspace       used 9621K, committed 9856K, reserved 1064960K
  class space    used 1004K, committed 1088K, reserved 1048576K
}
Event: 14.328 GC heap before
{Heap before GC invocations=11 (full 0):
 garbage-first heap   total 532480K, used 321692K [0x0000000600000000, 0x0000000800000000)
  region size 4096K, 76 young (311296K), 4 survivors (16384K)
 Metaspace       used 9631K, committed 9856K, reserved 1064960K
  class space    used 1004K, committed 1088K, reserved 1048576K
}
Event: 14.330 GC heap after
{Heap after GC invocations=12 (full 0):
 garbage-first heap   total 532480K, used 30737K [0x0000000600000000, 0x0000000800000000)
  region size 4096K, 4 young (16384K), 4 survivors (16384K)
 Metaspace       used 9631K, committed 9856K, reserved 1064960K
  class space    used 1004K, committed 1088K, reserved 1048576K
}
Event: 15.492 GC heap before
{Heap before GC invocations=12 (full 0):
 garbage-first heap   total 532480K, used 321553K [0x0000000600000000, 0x0000000800000000)
  region size 4096K, 76 young (311296K), 4 survivors (16384K)
 Metaspace       used 9646K, committed 9856K, reserved 1064960K
  class space    used 1004K, committed 1088K, reserved 1048576K
}
Event: 15.494 GC heap after
{Heap after GC invocations=13 (full 0):
 garbage-first heap   total 532480K, used 29901K [0x0000000600000000, 0x0000000800000000)
  region size 4096K, 4 young (16384K), 4 survivors (16384K)
 Metaspace       used 9646K, committed 9856K, reserved 1064960K
  class space    used 1004K, committed 1088K, reserved 1048576K
}
Event: 16.646 GC heap before
{Heap before GC invocations=13 (full 0):
 garbage-first heap   total 532480K, used 320717K [0x0000000600000000, 0x0000000800000000)
  region size 4096K, 76 young (311296K), 4 survivors (16384K)
 Metaspace       used 9674K, committed 9856K, reserved 1064960K
  class space    used 1004K, committed 1088K, reserved 1048576K
}
Event: 16.649 GC heap after
{Heap after GC invocations=14 (full 0):
 garbage-first heap   total 532480K, used 35162K [0x0000000600000000, 0x0000000800000000)
  region size 4096K, 5 young (20480K), 5 survivors (20480K)
 Metaspace       used 9674K, committed 9856K, reserved 1064960K
  class space    used 1004K, committed 1088K, reserved 1048576K
}
Event: 17.788 GC heap before
{Heap before GC invocations=14 (full 0):
 garbage-first heap   total 532480K, used 321882K [0x0000000600000000, 0x0000000800000000)
  region size 4096K, 76 young (311296K), 5 survivors (20480K)
 Metaspace       used 9716K, committed 9920K, reserved 1064960K
  class space    used 1004K, committed 1088K, reserved 1048576K
}
Event: 17.790 GC heap after
{Heap after GC invocations=15 (full 0):
 garbage-first heap   total 532480K, used 34896K [0x0000000600000000, 0x0000000800000000)
  region size 4096K, 5 young (20480K), 5 survivors (20480K)
 Metaspace       used 9716K, committed 9920K, reserved 1064960K
  class space    used 1004K, committed 1088K, reserved 1048576K
}
Event: 18.935 GC heap before
{Heap before GC invocations=15 (full 0):
 garbage-first heap   total 532480K, used 321616K [0x0000000600000000, 0x0000000800000000)
  region size 4096K, 76 young (311296K), 5 survivors (20480K)
 Metaspace       used 9761K, committed 9984K, reserved 1064960K
  class space    used 1004K, committed 1088K, reserved 1048576K
}
Event: 18.938 GC heap after
{Heap after GC invocations=16 (full 0):
 garbage-first heap   total 532480K, used 34936K [0x0000000600000000, 0x0000000800000000)
  region size 4096K, 5 young (20480K), 5 survivors (20480K)
 Metaspace       used 9761K, committed 9984K, reserved 1064960K
  class space    used 1004K, committed 1088K, reserved 1048576K
}
Event: 20.083 GC heap before
{Heap before GC invocations=16 (full 0):
 garbage-first heap   total 532480K, used 321656K [0x0000000600000000, 0x0000000800000000)
  region size 4096K, 76 young (311296K), 5 survivors (20480K)
 Metaspace       used 9762K, committed 9984K, reserved 1064960K
  class space    used 1004K, committed 1088K, reserved 1048576K
}
Event: 20.086 GC heap after
{Heap after GC invocations=17 (full 0):
 garbage-first heap   total 532480K, used 36882K [0x0000000600000000, 0x0000000800000000)
  region size 4096K, 6 young (24576K), 6 survivors (24576K)
 Metaspace       used 9762K, committed 9984K, reserved 1064960K
  class space    used 1004K, committed 1088K, reserved 1048576K
}
Event: 21.214 GC heap before
{Heap before GC invocations=17 (full 0):
 garbage-first heap   total 532480K, used 319506K [0x0000000600000000, 0x0000000800000000)
  region size 4096K, 76 young (311296K), 6 survivors (24576K)
 Metaspace       used 9762K, committed 9984K, reserved 1064960K
  class space    used 1004K, committed 1088K, reserved 1048576K
}

