# JRE version: OpenJDK Runtime Environment Temurin-17.0.4.1+1 (17.0.4.1+1) (build 17.0.4.1+1)
# Java VM: OpenJDK 64-Bit Server VM Temurin-17.0.4.1+1 (17.0.4.1+1, mixed mode, sharing, tiered, compressed oops, compressed class ptrs, g1 gc, bsd-amd64)
GC Precious Log:
 CPUs: 12 total, 12 available
 Memory: 32768M
 Large Page Support: Disabled
 NUMA Support: Disabled
 Compressed Oops: Enabled (Zero based)
 Heap Region Size: 4M
 Heap Min Capacity: 8M
 Heap Initial Capacity: 512M
 Heap Max Capacity: 8G
 Pre-touch: Disabled
 Parallel Workers: 10
 Concurrent Workers: 3
 Concurrent Refinement Workers: 10
 Periodic GC: Disabled
Heap:
 garbage-first heap   total 532480K, used 246957K [0x0000000600000000, 0x0000000800000000)
  region size 4096K, 59 young (241664K), 4 survivors (16384K)
 Metaspace       used 9442K, committed 9664K, reserved 1064960K
  class space    used 964K, committed 1088K, reserved 1048576K
GC Heap History (20 events):
Event: 136.057 GC heap before
{Heap before GC invocations=14 (full 0):
 garbage-first heap   total 532480K, used 315651K [0x0000000600000000, 0x0000000800000000)
  region size 4096K, 76 young (311296K), 3 survivors (12288K)
 Metaspace       used 9304K, committed 9472K, reserved 1064960K
  class space    used 951K, committed 1024K, reserved 1048576K
}
Event: 136.058 GC heap after
{Heap after GC invocations=15 (full 0):
 garbage-first heap   total 532480K, used 20675K [0x0000000600000000, 0x0000000800000000)
  region size 4096K, 3 young (12288K), 3 survivors (12288K)
 Metaspace       used 9304K, committed 9472K, reserved 1064960K
  class space    used 951K, committed 1024K, reserved 1048576K
}
Event: 137.237 GC heap before
{Heap before GC invocations=15 (full 0):
 garbage-first heap   total 532480K, used 315587K [0x0000000600000000, 0x0000000800000000)
  region size 4096K, 76 young (311296K), 3 survivors (12288K)
 Metaspace       used 9304K, committed 9472K, reserved 1064960K
  class space    used 951K, committed 1024K, reserved 1048576K
}
Event: 137.239 GC heap after
{Heap after GC invocations=16 (full 0):
 garbage-first heap   total 532480K, used 20814K [0x0000000600000000, 0x0000000800000000)
  region size 4096K, 3 young (12288K), 3 survivors (12288K)
 Metaspace       used 9304K, committed 9472K, reserved 1064960K
  class space    used 951K, committed 1024K, reserved 1048576K
}
Event: 138.418 GC heap before
{Heap before GC invocations=16 (full 0):
 garbage-first heap   total 532480K, used 315726K [0x0000000600000000, 0x0000000800000000)
  region size 4096K, 76 young (311296K), 3 survivors (12288K)
 Metaspace       used 9304K, committed 9472K, reserved 1064960K
  class space    used 951K, committed 1024K, reserved 1048576K
}
Event: 138.419 GC heap after
{Heap after GC invocations=17 (full 0):
 garbage-first heap   total 532480K, used 20754K [0x0000000600000000, 0x0000000800000000)
  region size 4096K, 3 young (12288K), 3 survivors (12288K)
 Metaspace       used 9304K, committed 9472K, reserved 1064960K
  class space    used 951K, committed 1024K, reserved 1048576K
}
Event: 139.598 GC heap before
{Heap before GC invocations=17 (full 0):
 garbage-first heap   total 532480K, used 315666K [0x0000000600000000, 0x0000000800000000)
  region size 4096K, 76 young (311296K), 3 survivors (12288K)
 Metaspace       used 9304K, committed 9472K, reserved 1064960K
  class space    used 951K, committed 1024K, reserved 1048576K
}
Event: 139.600 GC heap after
{Heap after GC invocations=18 (full 0):
 garbage-first heap   total 532480K, used 20701K [0x0000000600000000, 0x0000000800000000)
  region size 4096K, 3 young (12288K), 3 survivors (12288K)
 Metaspace       used 9304K, committed 9472K, reserved 1064960K
  class space    used 951K, committed 1024K, reserved 1048576K
}
Event: 140.779 GC heap before
{Heap before GC invocations=18 (full 0):
 garbage-first heap   total 532480K, used 315613K [0x0000000600000000, 0x0000000800000000)
  region size 4096K, 76 young (311296K), 3 survivors (12288K)
 Metaspace       used 9304K, committed 9472K, reserved 1064960K
  class space    used 951K, committed 1024K, reserved 1048576K
}
Event: 140.782 GC heap after
{Heap after GC invocations=19 (full 0):
 garbage-first heap   total 532480K, used 20794K [0x0000000600000000, 0x0000000800000000)
  region size 4096K, 1 young (4096K), 1 survivors (4096K)
 Metaspace       used 9304K, committed 9472K, reserved 1064960K
  class space    used 951K, committed 1024K, reserved 1048576K
}
Event: 141.992 GC heap before
{Heap before GC invocations=19 (full 0):
 garbage-first heap   total 532480K, used 323898K [0x0000000600000000, 0x0000000800000000)
  region size 4096K, 76 young (311296K), 1 survivors (4096K)
 Metaspace       used 9304K, committed 9472K, reserved 1064960K
  class space    used 951K, committed 1024K, reserved 1048576K
}
Event: 141.993 GC heap after
{Heap after GC invocations=20 (full 0):
 garbage-first heap   total 532480K, used 24787K [0x0000000600000000, 0x0000000800000000)
  region size 4096K, 2 young (8192K), 2 survivors (8192K)
 Metaspace       used 9304K, committed 9472K, reserved 1064960K
  class space    used 951K, committed 1024K, reserved 1048576K
}
Event: 143.189 GC heap before
{Heap before GC invocations=20 (full 0):
 garbage-first heap   total 532480K, used 323795K [0x0000000600000000, 0x0000000800000000)
  region size 4096K, 76 young (311296K), 2 survivors (8192K)
 Metaspace       used 9332K, committed 9472K, reserved 1064960K
  class space    used 954K, committed 1024K, reserved 1048576K
}
Event: 143.190 GC heap after
{Heap after GC invocations=21 (full 0):
 garbage-first heap   total 532480K, used 20771K [0x0000000600000000, 0x0000000800000000)
  region size 4096K, 1 young (4096K), 1 survivors (4096K)
 Metaspace       used 9332K, committed 9472K, reserved 1064960K
  class space    used 954K, committed 1024K, reserved 1048576K
}
Event: 144.402 GC heap before
{Heap before GC invocations=21 (full 0):
 garbage-first heap   total 532480K, used 323875K [0x0000000600000000, 0x0000000800000000)
  region size 4096K, 76 young (311296K), 1 survivors (4096K)
 Metaspace       used 9334K, committed 9472K, reserved 1064960K
  class space    used 954K, committed 1024K, reserved 1048576K
}
Event: 144.403 GC heap after
{Heap after GC invocations=22 (full 0):
 garbage-first heap   total 532480K, used 20791K [0x0000000600000000, 0x0000000800000000)
  region size 4096K, 1 young (4096K), 1 survivors (4096K)
 Metaspace       used 9334K, committed 9472K, reserved 1064960K
  class space    used 954K, committed 1024K, reserved 1048576K
}
Event: 145.517 GC heap before
{Heap before GC invocations=22 (full 0):
 garbage-first heap   total 532480K, used 323895K [0x0000000600000000, 0x0000000800000000)
  region size 4096K, 76 young (311296K), 1 survivors (4096K)
 Metaspace       used 9394K, committed 9664K, reserved 1064960K
  class space    used 964K, committed 1088K, reserved 1048576K
}
Event: 145.519 GC heap after
{Heap after GC invocations=23 (full 0):
 garbage-first heap   total 532480K, used 31425K [0x0000000600000000, 0x0000000800000000)
  region size 4096K, 4 young (16384K), 4 survivors (16384K)
 Metaspace       used 9394K, committed 9664K, reserved 1064960K
  class space    used 964K, committed 1088K, reserved 1048576K
}
Event: 145.976 GC heap before
{Heap before GC invocations=23 (full 0):
 garbage-first heap   total 532480K, used 322241K [0x0000000600000000, 0x0000000800000000)
  region size 4096K, 76 young (311296K), 4 survivors (16384K)
 Metaspace       used 9437K, committed 9664K, reserved 1064960K
  class space    used 964K, committed 1088K, reserved 1048576K
}
Event: 145.978 GC heap after
{Heap after GC invocations=24 (full 0):
 garbage-first heap   total 532480K, used 29869K [0x0000000600000000, 0x0000000800000000)
  region size 4096K, 4 young (16384K), 4 survivors (16384K)
 Metaspace       used 9437K, committed 9664K, reserved 1064960K
  class space    used 964K, committed 1088K, reserved 1048576K
}

