# JRE version: OpenJDK Runtime Environment Temurin-17.0.4.1+1 (17.0.4.1+1) (build 17.0.4.1+1)
# Java VM: OpenJDK 64-Bit Server VM Temurin-17.0.4.1+1 (17.0.4.1+1, mixed mode, sharing, tiered, compressed oops, compressed class ptrs, g1 gc, bsd-amd64)
GC Precious Log:
 CPUs: 12 total, 12 available
 Memory: 32768M
 Large Page Support: Disabled
 NUMA Support: Disabled
 Compressed Oops: Enabled (Zero based)
 Heap Region Size: 4M
 Heap Min Capacity: 8M
 Heap Initial Capacity: 512M
 Heap Max Capacity: 8G
 Pre-touch: Disabled
 Parallel Workers: 10
 Concurrent Workers: 3
 Concurrent Refinement Workers: 10
 Periodic GC: Disabled
Heap:
 garbage-first heap   total 532480K, used 166597K [0x0000000600000000, 0x0000000800000000)
  region size 4096K, 37 young (151552K), 5 survivors (20480K)
 Metaspace       used 9734K, committed 9920K, reserved 1064960K
  class space    used 1003K, committed 1088K, reserved 1048576K
GC Heap History (20 events):
Event: 5.615 GC heap before
{Heap before GC invocations=2 (full 0):
 garbage-first heap   total 532480K, used 62456K [0x0000000600000000, 0x0000000800000000)
  region size 4096K, 12 young (49152K), 1 survivors (4096K)
 Metaspace       used 7958K, committed 8256K, reserved 1056768K
  class space    used 889K, committed 1024K, reserved 1048576K
}
Event: 5.618 GC heap after
{Heap after GC invocations=3 (full 0):
 garbage-first heap   total 532480K, used 21547K [0x0000000600000000, 0x0000000800000000)
  region size 4096K, 1 young (4096K), 1 survivors (4096K)
 Metaspace       used 7958K, committed 8256K, reserved 1056768K
  class space    used 889K, committed 1024K, reserved 1048576K
}
Event: 6.597 GC heap before
{Heap before GC invocations=3 (full 0):
 garbage-first heap   total 532480K, used 324651K [0x0000000600000000, 0x0000000800000000)
  region size 4096K, 76 young (311296K), 1 survivors (4096K)
 Metaspace       used 8520K, committed 8704K, reserved 1056768K
  class space    used 945K, committed 1024K, reserved 1048576K
}
Event: 6.603 GC heap after
{Heap after GC invocations=4 (full 0):
 garbage-first heap   total 532480K, used 33750K [0x0000000600000000, 0x0000000800000000)
  region size 4096K, 4 young (16384K), 4 survivors (16384K)
 Metaspace       used 8520K, committed 8704K, reserved 1056768K
  class space    used 945K, committed 1024K, reserved 1048576K
}
Event: 8.119 GC heap before
{Heap before GC invocations=4 (full 0):
 garbage-first heap   total 532480K, used 324566K [0x0000000600000000, 0x0000000800000000)
  region size 4096K, 76 young (311296K), 4 survivors (16384K)
 Metaspace       used 9335K, committed 9600K, reserved 1064960K
  class space    used 1003K, committed 1088K, reserved 1048576K
}
Event: 8.121 GC heap after
{Heap after GC invocations=5 (full 0):
 garbage-first heap   total 532480K, used 33315K [0x0000000600000000, 0x0000000800000000)
  region size 4096K, 4 young (16384K), 4 survivors (16384K)
 Metaspace       used 9335K, committed 9600K, reserved 1064960K
  class space    used 1003K, committed 1088K, reserved 1048576K
}
Event: 9.237 GC heap before
{Heap before GC invocations=5 (full 0):
 garbage-first heap   total 532480K, used 324131K [0x0000000600000000, 0x0000000800000000)
  region size 4096K, 76 young (311296K), 4 survivors (16384K)
 Metaspace       used 9430K, committed 9664K, reserved 1064960K
  class space    used 1003K, committed 1088K, reserved 1048576K
}
Event: 9.241 GC heap after
{Heap after GC invocations=6 (full 0):
 garbage-first heap   total 532480K, used 36172K [0x0000000600000000, 0x0000000800000000)
  region size 4096K, 5 young (20480K), 5 survivors (20480K)
 Metaspace       used 9430K, committed 9664K, reserved 1064960K
  class space    used 1003K, committed 1088K, reserved 1048576K
}
Event: 10.353 GC heap before
{Heap before GC invocations=6 (full 0):
 garbage-first heap   total 532480K, used 322892K [0x0000000600000000, 0x0000000800000000)
  region size 4096K, 76 young (311296K), 5 survivors (20480K)
 Metaspace       used 9507K, committed 9728K, reserved 1064960K
  class space    used 1003K, committed 1088K, reserved 1048576K
}
Event: 10.356 GC heap after
{Heap after GC invocations=7 (full 0):
 garbage-first heap   total 532480K, used 38262K [0x0000000600000000, 0x0000000800000000)
  region size 4096K, 6 young (24576K), 6 survivors (24576K)
 Metaspace       used 9507K, committed 9728K, reserved 1064960K
  class space    used 1003K, committed 1088K, reserved 1048576K
}
Event: 11.484 GC heap before
{Heap before GC invocations=7 (full 0):
 garbage-first heap   total 532480K, used 320886K [0x0000000600000000, 0x0000000800000000)
  region size 4096K, 76 young (311296K), 6 survivors (24576K)
 Metaspace       used 9577K, committed 9792K, reserved 1064960K
  class space    used 1003K, committed 1088K, reserved 1048576K
}
Event: 11.487 GC heap after
{Heap after GC invocations=8 (full 0):
 garbage-first heap   total 532480K, used 38108K [0x0000000600000000, 0x0000000800000000)
  region size 4096K, 5 young (20480K), 5 survivors (20480K)
 Metaspace       used 9577K, committed 9792K, reserved 1064960K
  class space    used 1003K, committed 1088K, reserved 1048576K
}
Event: 12.624 GC heap before
{Heap before GC invocations=8 (full 0):
 garbage-first heap   total 532480K, used 324828K [0x0000000600000000, 0x0000000800000000)
  region size 4096K, 76 young (311296K), 5 survivors (20480K)
 Metaspace       used 9639K, committed 9856K, reserved 1064960K
  class space    used 1003K, committed 1088K, reserved 1048576K
}
Event: 12.628 GC heap after
{Heap after GC invocations=9 (full 0):
 garbage-first heap   total 532480K, used 42991K [0x0000000600000000, 0x0000000800000000)
  region size 4096K, 7 young (28672K), 7 survivors (28672K)
 Metaspace       used 9639K, committed 9856K, reserved 1064960K
  class space    used 1003K, committed 1088K, reserved 1048576K
}
Event: 13.718 GC heap before
{Heap before GC invocations=9 (full 0):
 garbage-first heap   total 532480K, used 321519K [0x0000000600000000, 0x0000000800000000)
  region size 4096K, 76 young (311296K), 7 survivors (28672K)
 Metaspace       used 9692K, committed 9920K, reserved 1064960K
  class space    used 1003K, committed 1088K, reserved 1048576K
}
Event: 13.722 GC heap after
{Heap after GC invocations=10 (full 0):
 garbage-first heap   total 532480K, used 43588K [0x0000000600000000, 0x0000000800000000)
  region size 4096K, 5 young (20480K), 5 survivors (20480K)
 Metaspace       used 9692K, committed 9920K, reserved 1064960K
  class space    used 1003K, committed 1088K, reserved 1048576K
}
Event: 14.866 GC heap before
{Heap before GC invocations=10 (full 0):
 garbage-first heap   total 532480K, used 330308K [0x0000000600000000, 0x0000000800000000)
  region size 4096K, 76 young (311296K), 5 survivors (20480K)
 Metaspace       used 9705K, committed 9920K, reserved 1064960K
  class space    used 1003K, committed 1088K, reserved 1048576K
}
Event: 14.868 GC heap after
{Heap after GC invocations=11 (full 0):
 garbage-first heap   total 532480K, used 43452K [0x0000000600000000, 0x0000000800000000)
  region size 4096K, 5 young (20480K), 5 survivors (20480K)
 Metaspace       used 9705K, committed 9920K, reserved 1064960K
  class space    used 1003K, committed 1088K, reserved 1048576K
}
Event: 16.013 GC heap before
{Heap before GC invocations=11 (full 0):
 garbage-first heap   total 532480K, used 330172K [0x0000000600000000, 0x0000000800000000)
  region size 4096K, 76 young (311296K), 5 survivors (20480K)
 Metaspace       used 9734K, committed 9920K, reserved 1064960K
  class space    used 1003K, committed 1088K, reserved 1048576K
}
Event: 16.016 GC heap after
{Heap after GC invocations=12 (full 0):
 garbage-first heap   total 532480K, used 43717K [0x0000000600000000, 0x0000000800000000)
  region size 4096K, 5 young (20480K), 5 survivors (20480K)
 Metaspace       used 9734K, committed 9920K, reserved 1064960K
  class space    used 1003K, committed 1088K, reserved 1048576K
}

